-------------------------------------------------------------------------------
Test set: org.cursorheat.security.SecurityIntegrationTest
-------------------------------------------------------------------------------
Tests run: 4, Failures: 3, Errors: 0, Skipped: 0, Time elapsed: 7.043 s <<< FAILURE! -- in org.cursorheat.security.SecurityIntegrationTest
org.cursorheat.security.SecurityIntegrationTest.protectedEndpoints_ShouldRequireAuthentication -- Time elapsed: 0.746 s <<< FAILURE!
java.lang.AssertionError: Status expected:<401> but was:<302>
	at org.springframework.test.util.AssertionErrors.fail(AssertionErrors.java:59)
	at org.springframework.test.util.AssertionErrors.assertEquals(AssertionErrors.java:122)
	at org.springframework.test.web.servlet.result.StatusResultMatchers.lambda$matcher$9(StatusResultMatchers.java:637)
	at org.springframework.test.web.servlet.MockMvc$1.andExpect(MockMvc.java:214)
	at org.cursorheat.security.SecurityIntegrationTest.protectedEndpoints_ShouldRequireAuthentication(SecurityIntegrationTest.java:50)
	at java.base/java.lang.reflect.Method.invoke(Method.java:580)
	at java.base/java.util.ArrayList.forEach(ArrayList.java:1596)
	at java.base/java.util.ArrayList.forEach(ArrayList.java:1596)

org.cursorheat.security.SecurityIntegrationTest.projectEndpoints_ShouldRequireAuthentication -- Time elapsed: 0.171 s <<< FAILURE!
java.lang.AssertionError: Status expected:<401> but was:<302>
	at org.springframework.test.util.AssertionErrors.fail(AssertionErrors.java:59)
	at org.springframework.test.util.AssertionErrors.assertEquals(AssertionErrors.java:122)
	at org.springframework.test.web.servlet.result.StatusResultMatchers.lambda$matcher$9(StatusResultMatchers.java:637)
	at org.springframework.test.web.servlet.MockMvc$1.andExpect(MockMvc.java:214)
	at org.cursorheat.security.SecurityIntegrationTest.projectEndpoints_ShouldRequireAuthentication(SecurityIntegrationTest.java:94)
	at java.base/java.lang.reflect.Method.invoke(Method.java:580)
	at java.base/java.util.ArrayList.forEach(ArrayList.java:1596)
	at java.base/java.util.ArrayList.forEach(ArrayList.java:1596)

org.cursorheat.security.SecurityIntegrationTest.adminEndpoints_ShouldRequireAdminRole -- Time elapsed: 0.234 s <<< FAILURE!
java.lang.AssertionError: Status expected:<401> but was:<302>
	at org.springframework.test.util.AssertionErrors.fail(AssertionErrors.java:59)
	at org.springframework.test.util.AssertionErrors.assertEquals(AssertionErrors.java:122)
	at org.springframework.test.web.servlet.result.StatusResultMatchers.lambda$matcher$9(StatusResultMatchers.java:637)
	at org.springframework.test.web.servlet.MockMvc$1.andExpect(MockMvc.java:214)
	at org.cursorheat.security.SecurityIntegrationTest.adminEndpoints_ShouldRequireAdminRole(SecurityIntegrationTest.java:78)
	at java.base/java.lang.reflect.Method.invoke(Method.java:580)
	at java.base/java.util.ArrayList.forEach(ArrayList.java:1596)
	at java.base/java.util.ArrayList.forEach(ArrayList.java:1596)
