<?xml version="1.0" encoding="UTF-8"?>
<testsuite xmlns:xsi="http://www.w3.org/2001/XMLSchema-instance" xsi:noNamespaceSchemaLocation="https://maven.apache.org/surefire/maven-surefire-plugin/xsd/surefire-test-report-3.0.xsd" version="3.0" name="org.cursorheat.CursorHeatApplicationTests" time="2.59" tests="3" errors="0" skipped="0" failures="0">
  <properties>
[...]
</properties>
  <testcase name="testLoginEndpoint" classname="org.cursorheat.CursorHeatApplicationTests" time="0.875">
    <system-out><![CDATA[2025-06-09T03:02:38.780Z  INFO 7988 --- [           main] t.c.s.AnnotationConfigContextLoaderUtils : Could not detect default configuration classes for test class [org.cursorheat.CursorHeatApplicationTests]: CursorHeatApplicationTests does not declare any static, non-private, non-final, nested classes annotated with @Configuration.
2025-06-09T03:02:38.787Z  INFO 7988 --- [           main] .b.t.c.SpringBootTestContextBootstrapper : Found @SpringBootConfiguration org.cursorheat.CursorHeatApplication for test class org.cursorheat.CursorHeatApplicationTests

  .   ____          _            __ _ _
 /\\ / ___'_ __ _ _(_)_ __  __ _ \ \ \ \
( ( )\___ | '_ | '_| | '_ \/ _` | \ \ \ \
 \\/  ___)| |_)| | | | | || (_| |  ) ) ) )
  '  |____| .__|_| |_|_| |_\__, | / / / /
 =========|_|==============|___/=/_/_/_/
 :: Spring Boot ::                (v3.2.3)

2025-06-09T03:02:38.860Z  INFO 7988 --- [           main] o.cursorheat.CursorHeatApplicationTests  : Starting CursorHeatApplicationTests using Java 21.0.7 with PID 7988 (started by jules in /app)
2025-06-09T03:02:38.860Z DEBUG 7988 --- [           main] o.cursorheat.CursorHeatApplicationTests  : Running with Spring Boot v3.2.3, Spring v6.1.4
2025-06-09T03:02:38.861Z  INFO 7988 --- [           main] o.cursorheat.CursorHeatApplicationTests  : No active profile set, falling back to 1 default profile: "default"
2025-06-09T03:02:39.111Z  INFO 7988 --- [           main] .s.d.r.c.RepositoryConfigurationDelegate : Bootstrapping Spring Data JPA repositories in DEFAULT mode.
2025-06-09T03:02:39.126Z  INFO 7988 --- [           main] .s.d.r.c.RepositoryConfigurationDelegate : Finished Spring Data repository scanning in 14 ms. Found 4 JPA repository interfaces.
2025-06-09T03:02:39.419Z  INFO 7988 --- [           main] o.s.b.w.embedded.tomcat.TomcatWebServer  : Tomcat initialized with port 0 (http)
2025-06-09T03:02:39.436Z  INFO 7988 --- [           main] o.apache.catalina.core.StandardService   : Starting service [Tomcat]
2025-06-09T03:02:39.436Z  INFO 7988 --- [           main] o.apache.catalina.core.StandardEngine    : Starting Servlet engine: [Apache Tomcat/10.1.19]
2025-06-09T03:02:39.494Z  INFO 7988 --- [           main] o.a.c.c.C.[Tomcat].[localhost].[/]       : Initializing Spring embedded WebApplicationContext
2025-06-09T03:02:39.495Z  INFO 7988 --- [           main] w.s.c.ServletWebServerApplicationContext : Root WebApplicationContext: initialization completed in 632 ms
2025-06-09T03:02:39.562Z  INFO 7988 --- [           main] com.zaxxer.hikari.HikariDataSource       : HikariPool-2 - Starting...
2025-06-09T03:02:39.565Z  INFO 7988 --- [           main] com.zaxxer.hikari.pool.HikariPool        : HikariPool-2 - Added connection conn10: url=jdbc:h2:mem:testdb user=SA
2025-06-09T03:02:39.566Z  INFO 7988 --- [           main] com.zaxxer.hikari.HikariDataSource       : HikariPool-2 - Start completed.
2025-06-09T03:02:39.595Z  INFO 7988 --- [           main] o.hibernate.jpa.internal.util.LogHelper  : HHH000204: Processing PersistenceUnitInfo [name: default]
2025-06-09T03:02:39.598Z  INFO 7988 --- [           main] o.h.c.internal.RegionFactoryInitiator    : HHH000026: Second-level cache disabled
2025-06-09T03:02:39.603Z  INFO 7988 --- [           main] o.s.o.j.p.SpringPersistenceUnitInfo      : No LoadTimeWeaver setup: ignoring JPA class transformer
2025-06-09T03:02:39.605Z  WARN 7988 --- [           main] org.hibernate.orm.deprecation            : HHH90000025: H2Dialect does not need to be specified explicitly using 'hibernate.dialect' (remove the property setting and it will be selected by default)
2025-06-09T03:02:39.752Z  INFO 7988 --- [           main] o.h.e.t.j.p.i.JtaPlatformInitiator       : HHH000489: No JTA platform available (set 'hibernate.transaction.jta.platform' to enable JTA platform integration)
2025-06-09T03:02:39.768Z  INFO 7988 --- [           main] j.LocalContainerEntityManagerFactoryBean : Initialized JPA EntityManagerFactory for persistence unit 'default'
2025-06-09T03:02:39.930Z DEBUG 7988 --- [           main] o.c.security.JwtAuthenticationFilter     : Filter 'jwtAuthenticationFilter' configured for use
2025-06-09T03:02:39.931Z DEBUG 7988 --- [           main] o.c.security.ApiKeyAuthenticationFilter  : Filter 'apiKeyAuthenticationFilter' configured for use
2025-06-09T03:02:40.093Z  INFO 7988 --- [           main] o.s.b.a.w.s.WelcomePageHandlerMapping    : Adding welcome page: class path resource [static/index.html]
2025-06-09T03:02:40.225Z  INFO 7988 --- [           main] o.s.s.web.DefaultSecurityFilterChain     : Will secure Or [Mvc [pattern='/api/**']] with [org.springframework.security.web.session.DisableEncodeUrlFilter@1a5d0d94, org.springframework.security.web.context.request.async.WebAsyncManagerIntegrationFilter@7937a60e, org.springframework.security.web.context.SecurityContextHolderFilter@51e68bcd, org.springframework.security.web.header.HeaderWriterFilter@4b9fd79, org.springframework.web.filter.CorsFilter@bfd7235, org.springframework.security.web.authentication.logout.LogoutFilter@7682b160, org.cursorheat.security.JwtAuthenticationFilter@c35b83c, org.springframework.security.web.savedrequest.RequestCacheAwareFilter@ed6d97f, org.springframework.security.web.servletapi.SecurityContextHolderAwareRequestFilter@45cfbfe9, org.springframework.security.web.authentication.AnonymousAuthenticationFilter@7b74883, org.springframework.security.web.session.SessionManagementFilter@1989e9ec, org.springframework.security.web.access.ExceptionTranslationFilter@6896ef29, org.springframework.security.web.access.intercept.AuthorizationFilter@762f5d34]
2025-06-09T03:02:40.255Z  INFO 7988 --- [           main] o.s.s.web.DefaultSecurityFilterChain     : Will secure any request with [org.springframework.security.web.session.DisableEncodeUrlFilter@1a4132b2, org.springframework.security.web.context.request.async.WebAsyncManagerIntegrationFilter@1f96db42, org.springframework.security.web.context.SecurityContextHolderFilter@cd7871e, org.springframework.security.web.header.HeaderWriterFilter@427937c1, org.springframework.web.filter.CorsFilter@13bf9a03, org.springframework.security.web.authentication.logout.LogoutFilter@3a7c75d9, org.springframework.security.web.authentication.UsernamePasswordAuthenticationFilter@43ca45af, org.springframework.security.web.savedrequest.RequestCacheAwareFilter@b14a2c, org.springframework.security.web.servletapi.SecurityContextHolderAwareRequestFilter@b7da2c4, org.springframework.security.web.authentication.AnonymousAuthenticationFilter@2c952e6, org.springframework.security.web.session.SessionManagementFilter@4a1978df, org.springframework.security.web.access.ExceptionTranslationFilter@7e5e568e, org.springframework.security.web.access.intercept.AuthorizationFilter@569b57c4]
2025-06-09T03:02:40.335Z  WARN 7988 --- [           main] ion$DefaultTemplateResolverConfiguration : Cannot find template location: classpath:/templates/ (please add some templates, check your Thymeleaf configuration, or set spring.thymeleaf.check-template-location=false)
2025-06-09T03:02:40.441Z  INFO 7988 --- [           main] o.s.b.w.embedded.tomcat.TomcatWebServer  : Tomcat started on port 44251 (http) with context path ''
2025-06-09T03:02:40.448Z  INFO 7988 --- [           main] o.cursorheat.CursorHeatApplicationTests  : Started CursorHeatApplicationTests in 1.655 seconds (process running for 11.017)
2025-06-09T03:02:40.821Z  INFO 7988 --- [o-auto-1-exec-1] o.a.c.c.C.[Tomcat].[localhost].[/]       : Initializing Spring DispatcherServlet 'dispatcherServlet'
2025-06-09T03:02:40.822Z  INFO 7988 --- [o-auto-1-exec-1] o.s.web.servlet.DispatcherServlet        : Initializing Servlet 'dispatcherServlet'
2025-06-09T03:02:40.823Z  INFO 7988 --- [o-auto-1-exec-1] o.s.web.servlet.DispatcherServlet        : Completed initialization in 1 ms
2025-06-09T03:02:40.834Z DEBUG 7988 --- [o-auto-1-exec-1] o.s.security.web.FilterChainProxy        : Securing POST /api/v1/auth/login
2025-06-09T03:02:40.835Z DEBUG 7988 --- [o-auto-1-exec-1] o.s.s.w.a.AnonymousAuthenticationFilter  : Set SecurityContextHolder to anonymous SecurityContext
2025-06-09T03:02:40.835Z DEBUG 7988 --- [o-auto-1-exec-1] o.s.security.web.FilterChainProxy        : Secured POST /api/v1/auth/login
[ApiKeyAuthenticationFilter] shouldNotFilter path: /api/v1/auth/login
2025-06-09T03:02:41.222Z DEBUG 7988 --- [o-auto-1-exec-1] o.s.s.a.dao.DaoAuthenticationProvider    : Authenticated user
]]></system-out>
  </testcase>
  <testcase name="testHealthEndpoint" classname="org.cursorheat.CursorHeatApplicationTests" time="0.023">
    <system-out><![CDATA[2025-06-09T03:02:41.346Z DEBUG 7988 --- [o-auto-1-exec-2] o.s.security.web.FilterChainProxy        : Securing GET /api/v1/health
2025-06-09T03:02:41.347Z DEBUG 7988 --- [o-auto-1-exec-2] o.s.s.w.a.AnonymousAuthenticationFilter  : Set SecurityContextHolder to anonymous SecurityContext
2025-06-09T03:02:41.347Z DEBUG 7988 --- [o-auto-1-exec-2] o.s.security.web.FilterChainProxy        : Secured GET /api/v1/health
[ApiKeyAuthenticationFilter] shouldNotFilter path: /api/v1/health
]]></system-out>
  </testcase>
  <testcase name="contextLoads" classname="org.cursorheat.CursorHeatApplicationTests" time="0.008"/>
</testsuite>