<?xml version="1.0" encoding="UTF-8"?>
<testsuite xmlns:xsi="http://www.w3.org/2001/XMLSchema-instance" xsi:noNamespaceSchemaLocation="https://maven.apache.org/surefire/maven-surefire-plugin/xsd/surefire-test-report-3.0.xsd" version="3.0" name="org.cursorheat.config.WebSecurityConfigTest" time="0.405" tests="5" errors="0" skipped="0" failures="0">
  <properties>
[...]
</properties>
  <testcase name="whenUnauthenticated_thenPublicPagesAreAccessible" classname="org.cursorheat.config.WebSecurityConfigTest" time="0.088">
    <system-out><![CDATA[2025-06-09T03:02:38.206Z  INFO 7988 --- [           main] t.c.s.AnnotationConfigContextLoaderUtils : Could not detect default configuration classes for test class [org.cursorheat.config.WebSecurityConfigTest]: WebSecurityConfigTest does not declare any static, non-private, non-final, nested classes annotated with @Configuration.
2025-06-09T03:02:38.230Z  INFO 7988 --- [           main] .b.t.c.SpringBootTestContextBootstrapper : Found @SpringBootConfiguration org.cursorheat.CursorHeatApplication for test class org.cursorheat.config.WebSecurityConfigTest
2025-06-09T03:02:38.244Z DEBUG 7988 --- [           main] o.s.security.web.FilterChainProxy        : Securing GET /
2025-06-09T03:02:38.245Z DEBUG 7988 --- [           main] o.s.s.w.a.AnonymousAuthenticationFilter  : Set SecurityContextHolder to anonymous SecurityContext
2025-06-09T03:02:38.245Z DEBUG 7988 --- [           main] o.s.security.web.FilterChainProxy        : Secured GET /
[ApiKeyAuthenticationFilter] shouldNotFilter path: /
2025-06-09T03:02:38.246Z DEBUG 7988 --- [           main] o.c.security.JwtAuthenticationFilter     : Processing request to: /
2025-06-09T03:02:38.246Z DEBUG 7988 --- [           main] o.c.security.JwtAuthenticationFilter     : No Bearer token found in request
2025-06-09T03:02:38.249Z DEBUG 7988 --- [           main] o.s.security.web.FilterChainProxy        : Securing GET /index.html
2025-06-09T03:02:38.250Z DEBUG 7988 --- [           main] o.s.s.w.a.AnonymousAuthenticationFilter  : Set SecurityContextHolder to anonymous SecurityContext
2025-06-09T03:02:38.250Z DEBUG 7988 --- [           main] o.s.security.web.FilterChainProxy        : Secured GET /index.html
[ApiKeyAuthenticationFilter] shouldNotFilter path: /index.html
2025-06-09T03:02:38.250Z DEBUG 7988 --- [           main] o.c.security.JwtAuthenticationFilter     : Processing request to: /index.html
2025-06-09T03:02:38.250Z DEBUG 7988 --- [           main] o.c.security.JwtAuthenticationFilter     : No Bearer token found in request
2025-06-09T03:02:38.292Z DEBUG 7988 --- [           main] o.s.security.web.FilterChainProxy        : Securing GET /login.html
2025-06-09T03:02:38.293Z DEBUG 7988 --- [           main] o.s.s.w.a.AnonymousAuthenticationFilter  : Set SecurityContextHolder to anonymous SecurityContext
2025-06-09T03:02:38.293Z DEBUG 7988 --- [           main] o.s.security.web.FilterChainProxy        : Secured GET /login.html
[ApiKeyAuthenticationFilter] shouldNotFilter path: /login.html
2025-06-09T03:02:38.294Z DEBUG 7988 --- [           main] o.c.security.JwtAuthenticationFilter     : Processing request to: /login.html
2025-06-09T03:02:38.294Z DEBUG 7988 --- [           main] o.c.security.JwtAuthenticationFilter     : No Bearer token found in request
2025-06-09T03:02:38.300Z DEBUG 7988 --- [           main] o.s.security.web.FilterChainProxy        : Securing GET /signup.html
2025-06-09T03:02:38.300Z DEBUG 7988 --- [           main] o.s.s.w.a.AnonymousAuthenticationFilter  : Set SecurityContextHolder to anonymous SecurityContext
2025-06-09T03:02:38.301Z DEBUG 7988 --- [           main] o.s.security.web.FilterChainProxy        : Secured GET /signup.html
[ApiKeyAuthenticationFilter] shouldNotFilter path: /signup.html
2025-06-09T03:02:38.301Z DEBUG 7988 --- [           main] o.c.security.JwtAuthenticationFilter     : Processing request to: /signup.html
2025-06-09T03:02:38.301Z DEBUG 7988 --- [           main] o.c.security.JwtAuthenticationFilter     : No Bearer token found in request
2025-06-09T03:02:38.307Z DEBUG 7988 --- [           main] o.s.security.web.FilterChainProxy        : Securing GET /docs.html
2025-06-09T03:02:38.308Z DEBUG 7988 --- [           main] o.s.s.w.a.AnonymousAuthenticationFilter  : Set SecurityContextHolder to anonymous SecurityContext
2025-06-09T03:02:38.308Z DEBUG 7988 --- [           main] o.s.security.web.FilterChainProxy        : Secured GET /docs.html
[ApiKeyAuthenticationFilter] shouldNotFilter path: /docs.html
2025-06-09T03:02:38.308Z DEBUG 7988 --- [           main] o.c.security.JwtAuthenticationFilter     : Processing request to: /docs.html
2025-06-09T03:02:38.308Z DEBUG 7988 --- [           main] o.c.security.JwtAuthenticationFilter     : No Bearer token found in request
2025-06-09T03:02:38.314Z DEBUG 7988 --- [           main] o.s.security.web.FilterChainProxy        : Securing GET /error.html
2025-06-09T03:02:38.315Z DEBUG 7988 --- [           main] o.s.s.w.a.AnonymousAuthenticationFilter  : Set SecurityContextHolder to anonymous SecurityContext
2025-06-09T03:02:38.315Z DEBUG 7988 --- [           main] o.s.security.web.FilterChainProxy        : Secured GET /error.html
[ApiKeyAuthenticationFilter] shouldNotFilter path: /error.html
2025-06-09T03:02:38.316Z DEBUG 7988 --- [           main] o.c.security.JwtAuthenticationFilter     : Processing request to: /error.html
2025-06-09T03:02:38.316Z DEBUG 7988 --- [           main] o.c.security.JwtAuthenticationFilter     : No Bearer token found in request
]]></system-out>
  </testcase>
  <testcase name="whenAuthenticated_thenPublicPagesAreAccessible" classname="org.cursorheat.config.WebSecurityConfigTest" time="0.158">
    <system-out><![CDATA[2025-06-09T03:02:38.349Z  WARN 7988 --- [           main] o.s.w.s.h.HandlerMappingIntrospector     : Cache miss for REQUEST dispatch to '/' (previous null). Performing MatchableHandlerMapping lookup. This is logged once only at WARN level, and every time at TRACE.
2025-06-09T03:02:38.353Z DEBUG 7988 --- [           main] w.c.HttpSessionSecurityContextRepository : Created HttpSession as SecurityContext is non-default
2025-06-09T03:02:38.354Z DEBUG 7988 --- [           main] w.c.HttpSessionSecurityContextRepository : Stored SecurityContextImpl [Authentication=UsernamePasswordAuthenticationToken [Principal=org.springframework.security.core.userdetails.User [Username=user, Password=[PROTECTED], Enabled=true, AccountNonExpired=true, CredentialsNonExpired=true, AccountNonLocked=true, Granted Authorities=[ROLE_USER]], Credentials=[PROTECTED], Authenticated=true, Details=null, Granted Authorities=[ROLE_USER]]] to HttpSession [org.springframework.mock.web.MockHttpSession@55785ee7]
2025-06-09T03:02:38.382Z DEBUG 7988 --- [           main] o.s.security.web.FilterChainProxy        : Securing GET /
2025-06-09T03:02:38.395Z DEBUG 7988 --- [           main] o.s.security.web.FilterChainProxy        : Secured GET /
[ApiKeyAuthenticationFilter] shouldNotFilter path: /
2025-06-09T03:02:38.397Z DEBUG 7988 --- [           main] o.c.security.JwtAuthenticationFilter     : Processing request to: /
2025-06-09T03:02:38.397Z DEBUG 7988 --- [           main] o.c.security.JwtAuthenticationFilter     : No Bearer token found in request
2025-06-09T03:02:38.399Z DEBUG 7988 --- [           main] w.c.HttpSessionSecurityContextRepository : Retrieved SecurityContextImpl [Authentication=UsernamePasswordAuthenticationToken [Principal=org.springframework.security.core.userdetails.User [Username=user, Password=[PROTECTED], Enabled=true, AccountNonExpired=true, CredentialsNonExpired=true, AccountNonLocked=true, Granted Authorities=[ROLE_USER]], Credentials=[PROTECTED], Authenticated=true, Details=null, Granted Authorities=[ROLE_USER]]]
2025-06-09T03:02:38.405Z DEBUG 7988 --- [           main] w.c.HttpSessionSecurityContextRepository : Created HttpSession as SecurityContext is non-default
2025-06-09T03:02:38.405Z DEBUG 7988 --- [           main] w.c.HttpSessionSecurityContextRepository : Stored SecurityContextImpl [Authentication=UsernamePasswordAuthenticationToken [Principal=org.springframework.security.core.userdetails.User [Username=user, Password=[PROTECTED], Enabled=true, AccountNonExpired=true, CredentialsNonExpired=true, AccountNonLocked=true, Granted Authorities=[ROLE_USER]], Credentials=[PROTECTED], Authenticated=true, Details=null, Granted Authorities=[ROLE_USER]]] to HttpSession [org.springframework.mock.web.MockHttpSession@10bf2726]
2025-06-09T03:02:38.406Z DEBUG 7988 --- [           main] o.s.security.web.FilterChainProxy        : Securing GET /index.html
2025-06-09T03:02:38.409Z DEBUG 7988 --- [           main] o.s.security.web.FilterChainProxy        : Secured GET /index.html
[ApiKeyAuthenticationFilter] shouldNotFilter path: /index.html
2025-06-09T03:02:38.409Z DEBUG 7988 --- [           main] o.c.security.JwtAuthenticationFilter     : Processing request to: /index.html
2025-06-09T03:02:38.409Z DEBUG 7988 --- [           main] o.c.security.JwtAuthenticationFilter     : No Bearer token found in request
2025-06-09T03:02:38.415Z DEBUG 7988 --- [           main] w.c.HttpSessionSecurityContextRepository : Retrieved SecurityContextImpl [Authentication=UsernamePasswordAuthenticationToken [Principal=org.springframework.security.core.userdetails.User [Username=user, Password=[PROTECTED], Enabled=true, AccountNonExpired=true, CredentialsNonExpired=true, AccountNonLocked=true, Granted Authorities=[ROLE_USER]], Credentials=[PROTECTED], Authenticated=true, Details=null, Granted Authorities=[ROLE_USER]]]
2025-06-09T03:02:38.417Z DEBUG 7988 --- [           main] w.c.HttpSessionSecurityContextRepository : Created HttpSession as SecurityContext is non-default
2025-06-09T03:02:38.417Z DEBUG 7988 --- [           main] w.c.HttpSessionSecurityContextRepository : Stored SecurityContextImpl [Authentication=UsernamePasswordAuthenticationToken [Principal=org.springframework.security.core.userdetails.User [Username=user, Password=[PROTECTED], Enabled=true, AccountNonExpired=true, CredentialsNonExpired=true, AccountNonLocked=true, Granted Authorities=[ROLE_USER]], Credentials=[PROTECTED], Authenticated=true, Details=null, Granted Authorities=[ROLE_USER]]] to HttpSession [org.springframework.mock.web.MockHttpSession@bb78f01]
2025-06-09T03:02:38.418Z DEBUG 7988 --- [           main] o.s.security.web.FilterChainProxy        : Securing GET /login.html
2025-06-09T03:02:38.418Z DEBUG 7988 --- [           main] o.s.security.web.FilterChainProxy        : Secured GET /login.html
[ApiKeyAuthenticationFilter] shouldNotFilter path: /login.html
2025-06-09T03:02:38.419Z DEBUG 7988 --- [           main] o.c.security.JwtAuthenticationFilter     : Processing request to: /login.html
2025-06-09T03:02:38.419Z DEBUG 7988 --- [           main] o.c.security.JwtAuthenticationFilter     : No Bearer token found in request
2025-06-09T03:02:38.426Z DEBUG 7988 --- [           main] w.c.HttpSessionSecurityContextRepository : Retrieved SecurityContextImpl [Authentication=UsernamePasswordAuthenticationToken [Principal=org.springframework.security.core.userdetails.User [Username=user, Password=[PROTECTED], Enabled=true, AccountNonExpired=true, CredentialsNonExpired=true, AccountNonLocked=true, Granted Authorities=[ROLE_USER]], Credentials=[PROTECTED], Authenticated=true, Details=null, Granted Authorities=[ROLE_USER]]]
2025-06-09T03:02:38.447Z DEBUG 7988 --- [           main] w.c.HttpSessionSecurityContextRepository : Created HttpSession as SecurityContext is non-default
2025-06-09T03:02:38.450Z DEBUG 7988 --- [           main] w.c.HttpSessionSecurityContextRepository : Stored SecurityContextImpl [Authentication=UsernamePasswordAuthenticationToken [Principal=org.springframework.security.core.userdetails.User [Username=user, Password=[PROTECTED], Enabled=true, AccountNonExpired=true, CredentialsNonExpired=true, AccountNonLocked=true, Granted Authorities=[ROLE_USER]], Credentials=[PROTECTED], Authenticated=true, Details=null, Granted Authorities=[ROLE_USER]]] to HttpSession [org.springframework.mock.web.MockHttpSession@1caf77f6]
2025-06-09T03:02:38.453Z DEBUG 7988 --- [           main] o.s.security.web.FilterChainProxy        : Securing GET /signup.html
2025-06-09T03:02:38.454Z DEBUG 7988 --- [           main] o.s.security.web.FilterChainProxy        : Secured GET /signup.html
[ApiKeyAuthenticationFilter] shouldNotFilter path: /signup.html
2025-06-09T03:02:38.454Z DEBUG 7988 --- [           main] o.c.security.JwtAuthenticationFilter     : Processing request to: /signup.html
2025-06-09T03:02:38.454Z DEBUG 7988 --- [           main] o.c.security.JwtAuthenticationFilter     : No Bearer token found in request
2025-06-09T03:02:38.459Z DEBUG 7988 --- [           main] w.c.HttpSessionSecurityContextRepository : Retrieved SecurityContextImpl [Authentication=UsernamePasswordAuthenticationToken [Principal=org.springframework.security.core.userdetails.User [Username=user, Password=[PROTECTED], Enabled=true, AccountNonExpired=true, CredentialsNonExpired=true, AccountNonLocked=true, Granted Authorities=[ROLE_USER]], Credentials=[PROTECTED], Authenticated=true, Details=null, Granted Authorities=[ROLE_USER]]]
2025-06-09T03:02:38.462Z DEBUG 7988 --- [           main] w.c.HttpSessionSecurityContextRepository : Created HttpSession as SecurityContext is non-default
2025-06-09T03:02:38.462Z DEBUG 7988 --- [           main] w.c.HttpSessionSecurityContextRepository : Stored SecurityContextImpl [Authentication=UsernamePasswordAuthenticationToken [Principal=org.springframework.security.core.userdetails.User [Username=user, Password=[PROTECTED], Enabled=true, AccountNonExpired=true, CredentialsNonExpired=true, AccountNonLocked=true, Granted Authorities=[ROLE_USER]], Credentials=[PROTECTED], Authenticated=true, Details=null, Granted Authorities=[ROLE_USER]]] to HttpSession [org.springframework.mock.web.MockHttpSession@246f9fa8]
2025-06-09T03:02:38.463Z DEBUG 7988 --- [           main] o.s.security.web.FilterChainProxy        : Securing GET /docs.html
2025-06-09T03:02:38.463Z DEBUG 7988 --- [           main] o.s.security.web.FilterChainProxy        : Secured GET /docs.html
[ApiKeyAuthenticationFilter] shouldNotFilter path: /docs.html
2025-06-09T03:02:38.463Z DEBUG 7988 --- [           main] o.c.security.JwtAuthenticationFilter     : Processing request to: /docs.html
2025-06-09T03:02:38.463Z DEBUG 7988 --- [           main] o.c.security.JwtAuthenticationFilter     : No Bearer token found in request
2025-06-09T03:02:38.466Z DEBUG 7988 --- [           main] w.c.HttpSessionSecurityContextRepository : Retrieved SecurityContextImpl [Authentication=UsernamePasswordAuthenticationToken [Principal=org.springframework.security.core.userdetails.User [Username=user, Password=[PROTECTED], Enabled=true, AccountNonExpired=true, CredentialsNonExpired=true, AccountNonLocked=true, Granted Authorities=[ROLE_USER]], Credentials=[PROTECTED], Authenticated=true, Details=null, Granted Authorities=[ROLE_USER]]]
2025-06-09T03:02:38.469Z DEBUG 7988 --- [           main] w.c.HttpSessionSecurityContextRepository : Created HttpSession as SecurityContext is non-default
2025-06-09T03:02:38.469Z DEBUG 7988 --- [           main] w.c.HttpSessionSecurityContextRepository : Stored SecurityContextImpl [Authentication=UsernamePasswordAuthenticationToken [Principal=org.springframework.security.core.userdetails.User [Username=user, Password=[PROTECTED], Enabled=true, AccountNonExpired=true, CredentialsNonExpired=true, AccountNonLocked=true, Granted Authorities=[ROLE_USER]], Credentials=[PROTECTED], Authenticated=true, Details=null, Granted Authorities=[ROLE_USER]]] to HttpSession [org.springframework.mock.web.MockHttpSession@4d001a14]
2025-06-09T03:02:38.470Z DEBUG 7988 --- [           main] o.s.security.web.FilterChainProxy        : Securing GET /error.html
2025-06-09T03:02:38.470Z DEBUG 7988 --- [           main] o.s.security.web.FilterChainProxy        : Secured GET /error.html
[ApiKeyAuthenticationFilter] shouldNotFilter path: /error.html
2025-06-09T03:02:38.470Z DEBUG 7988 --- [           main] o.c.security.JwtAuthenticationFilter     : Processing request to: /error.html
2025-06-09T03:02:38.471Z DEBUG 7988 --- [           main] o.c.security.JwtAuthenticationFilter     : No Bearer token found in request
2025-06-09T03:02:38.475Z DEBUG 7988 --- [           main] w.c.HttpSessionSecurityContextRepository : Retrieved SecurityContextImpl [Authentication=UsernamePasswordAuthenticationToken [Principal=org.springframework.security.core.userdetails.User [Username=user, Password=[PROTECTED], Enabled=true, AccountNonExpired=true, CredentialsNonExpired=true, AccountNonLocked=true, Granted Authorities=[ROLE_USER]], Credentials=[PROTECTED], Authenticated=true, Details=null, Granted Authorities=[ROLE_USER]]]
]]></system-out>
  </testcase>
  <testcase name="whenAuthenticated_thenMemberPagesAreAccessible" classname="org.cursorheat.config.WebSecurityConfigTest" time="0.071">
    <system-out><![CDATA[2025-06-09T03:02:38.505Z DEBUG 7988 --- [           main] w.c.HttpSessionSecurityContextRepository : Created HttpSession as SecurityContext is non-default
2025-06-09T03:02:38.506Z DEBUG 7988 --- [           main] w.c.HttpSessionSecurityContextRepository : Stored SecurityContextImpl [Authentication=UsernamePasswordAuthenticationToken [Principal=org.springframework.security.core.userdetails.User [Username=user, Password=[PROTECTED], Enabled=true, AccountNonExpired=true, CredentialsNonExpired=true, AccountNonLocked=true, Granted Authorities=[ROLE_USER]], Credentials=[PROTECTED], Authenticated=true, Details=null, Granted Authorities=[ROLE_USER]]] to HttpSession [org.springframework.mock.web.MockHttpSession@1d8f835c]
2025-06-09T03:02:38.506Z DEBUG 7988 --- [           main] o.s.security.web.FilterChainProxy        : Securing GET /dashboard.html
2025-06-09T03:02:38.507Z DEBUG 7988 --- [           main] w.c.HttpSessionSecurityContextRepository : Retrieved SecurityContextImpl [Authentication=UsernamePasswordAuthenticationToken [Principal=org.springframework.security.core.userdetails.User [Username=user, Password=[PROTECTED], Enabled=true, AccountNonExpired=true, CredentialsNonExpired=true, AccountNonLocked=true, Granted Authorities=[ROLE_USER]], Credentials=[PROTECTED], Authenticated=true, Details=null, Granted Authorities=[ROLE_USER]]]
2025-06-09T03:02:38.507Z DEBUG 7988 --- [           main] o.s.security.web.FilterChainProxy        : Secured GET /dashboard.html
[ApiKeyAuthenticationFilter] shouldNotFilter path: /dashboard.html
2025-06-09T03:02:38.507Z DEBUG 7988 --- [           main] o.c.security.JwtAuthenticationFilter     : Processing request to: /dashboard.html
2025-06-09T03:02:38.508Z DEBUG 7988 --- [           main] o.c.security.JwtAuthenticationFilter     : No Bearer token found in request
2025-06-09T03:02:38.513Z DEBUG 7988 --- [           main] w.c.HttpSessionSecurityContextRepository : Created HttpSession as SecurityContext is non-default
2025-06-09T03:02:38.513Z DEBUG 7988 --- [           main] w.c.HttpSessionSecurityContextRepository : Stored SecurityContextImpl [Authentication=UsernamePasswordAuthenticationToken [Principal=org.springframework.security.core.userdetails.User [Username=user, Password=[PROTECTED], Enabled=true, AccountNonExpired=true, CredentialsNonExpired=true, AccountNonLocked=true, Granted Authorities=[ROLE_USER]], Credentials=[PROTECTED], Authenticated=true, Details=null, Granted Authorities=[ROLE_USER]]] to HttpSession [org.springframework.mock.web.MockHttpSession@45c5cd9a]
2025-06-09T03:02:38.514Z DEBUG 7988 --- [           main] o.s.security.web.FilterChainProxy        : Securing GET /account.html
2025-06-09T03:02:38.514Z DEBUG 7988 --- [           main] w.c.HttpSessionSecurityContextRepository : Retrieved SecurityContextImpl [Authentication=UsernamePasswordAuthenticationToken [Principal=org.springframework.security.core.userdetails.User [Username=user, Password=[PROTECTED], Enabled=true, AccountNonExpired=true, CredentialsNonExpired=true, AccountNonLocked=true, Granted Authorities=[ROLE_USER]], Credentials=[PROTECTED], Authenticated=true, Details=null, Granted Authorities=[ROLE_USER]]]
2025-06-09T03:02:38.514Z DEBUG 7988 --- [           main] o.s.security.web.FilterChainProxy        : Secured GET /account.html
[ApiKeyAuthenticationFilter] shouldNotFilter path: /account.html
2025-06-09T03:02:38.514Z DEBUG 7988 --- [           main] o.c.security.JwtAuthenticationFilter     : Processing request to: /account.html
2025-06-09T03:02:38.514Z DEBUG 7988 --- [           main] o.c.security.JwtAuthenticationFilter     : No Bearer token found in request
2025-06-09T03:02:38.519Z DEBUG 7988 --- [           main] w.c.HttpSessionSecurityContextRepository : Created HttpSession as SecurityContext is non-default
2025-06-09T03:02:38.519Z DEBUG 7988 --- [           main] w.c.HttpSessionSecurityContextRepository : Stored SecurityContextImpl [Authentication=UsernamePasswordAuthenticationToken [Principal=org.springframework.security.core.userdetails.User [Username=user, Password=[PROTECTED], Enabled=true, AccountNonExpired=true, CredentialsNonExpired=true, AccountNonLocked=true, Granted Authorities=[ROLE_USER]], Credentials=[PROTECTED], Authenticated=true, Details=null, Granted Authorities=[ROLE_USER]]] to HttpSession [org.springframework.mock.web.MockHttpSession@858bf8c]
2025-06-09T03:02:38.519Z DEBUG 7988 --- [           main] o.s.security.web.FilterChainProxy        : Securing GET /billing.html
2025-06-09T03:02:38.520Z DEBUG 7988 --- [           main] w.c.HttpSessionSecurityContextRepository : Retrieved SecurityContextImpl [Authentication=UsernamePasswordAuthenticationToken [Principal=org.springframework.security.core.userdetails.User [Username=user, Password=[PROTECTED], Enabled=true, AccountNonExpired=true, CredentialsNonExpired=true, AccountNonLocked=true, Granted Authorities=[ROLE_USER]], Credentials=[PROTECTED], Authenticated=true, Details=null, Granted Authorities=[ROLE_USER]]]
2025-06-09T03:02:38.520Z DEBUG 7988 --- [           main] o.s.security.web.FilterChainProxy        : Secured GET /billing.html
[ApiKeyAuthenticationFilter] shouldNotFilter path: /billing.html
2025-06-09T03:02:38.520Z DEBUG 7988 --- [           main] o.c.security.JwtAuthenticationFilter     : Processing request to: /billing.html
2025-06-09T03:02:38.520Z DEBUG 7988 --- [           main] o.c.security.JwtAuthenticationFilter     : No Bearer token found in request
2025-06-09T03:02:38.525Z DEBUG 7988 --- [           main] w.c.HttpSessionSecurityContextRepository : Created HttpSession as SecurityContext is non-default
2025-06-09T03:02:38.525Z DEBUG 7988 --- [           main] w.c.HttpSessionSecurityContextRepository : Stored SecurityContextImpl [Authentication=UsernamePasswordAuthenticationToken [Principal=org.springframework.security.core.userdetails.User [Username=user, Password=[PROTECTED], Enabled=true, AccountNonExpired=true, CredentialsNonExpired=true, AccountNonLocked=true, Granted Authorities=[ROLE_USER]], Credentials=[PROTECTED], Authenticated=true, Details=null, Granted Authorities=[ROLE_USER]]] to HttpSession [org.springframework.mock.web.MockHttpSession@30c1447e]
2025-06-09T03:02:38.525Z DEBUG 7988 --- [           main] o.s.security.web.FilterChainProxy        : Securing GET /profile.html
2025-06-09T03:02:38.526Z DEBUG 7988 --- [           main] w.c.HttpSessionSecurityContextRepository : Retrieved SecurityContextImpl [Authentication=UsernamePasswordAuthenticationToken [Principal=org.springframework.security.core.userdetails.User [Username=user, Password=[PROTECTED], Enabled=true, AccountNonExpired=true, CredentialsNonExpired=true, AccountNonLocked=true, Granted Authorities=[ROLE_USER]], Credentials=[PROTECTED], Authenticated=true, Details=null, Granted Authorities=[ROLE_USER]]]
2025-06-09T03:02:38.526Z DEBUG 7988 --- [           main] o.s.security.web.FilterChainProxy        : Secured GET /profile.html
[ApiKeyAuthenticationFilter] shouldNotFilter path: /profile.html
2025-06-09T03:02:38.526Z DEBUG 7988 --- [           main] o.c.security.JwtAuthenticationFilter     : Processing request to: /profile.html
2025-06-09T03:02:38.526Z DEBUG 7988 --- [           main] o.c.security.JwtAuthenticationFilter     : No Bearer token found in request
2025-06-09T03:02:38.531Z DEBUG 7988 --- [           main] w.c.HttpSessionSecurityContextRepository : Created HttpSession as SecurityContext is non-default
2025-06-09T03:02:38.531Z DEBUG 7988 --- [           main] w.c.HttpSessionSecurityContextRepository : Stored SecurityContextImpl [Authentication=UsernamePasswordAuthenticationToken [Principal=org.springframework.security.core.userdetails.User [Username=user, Password=[PROTECTED], Enabled=true, AccountNonExpired=true, CredentialsNonExpired=true, AccountNonLocked=true, Granted Authorities=[ROLE_USER]], Credentials=[PROTECTED], Authenticated=true, Details=null, Granted Authorities=[ROLE_USER]]] to HttpSession [org.springframework.mock.web.MockHttpSession@5135b459]
2025-06-09T03:02:38.532Z DEBUG 7988 --- [           main] o.s.security.web.FilterChainProxy        : Securing GET /projects.html
2025-06-09T03:02:38.532Z DEBUG 7988 --- [           main] w.c.HttpSessionSecurityContextRepository : Retrieved SecurityContextImpl [Authentication=UsernamePasswordAuthenticationToken [Principal=org.springframework.security.core.userdetails.User [Username=user, Password=[PROTECTED], Enabled=true, AccountNonExpired=true, CredentialsNonExpired=true, AccountNonLocked=true, Granted Authorities=[ROLE_USER]], Credentials=[PROTECTED], Authenticated=true, Details=null, Granted Authorities=[ROLE_USER]]]
2025-06-09T03:02:38.532Z DEBUG 7988 --- [           main] o.s.security.web.FilterChainProxy        : Secured GET /projects.html
[ApiKeyAuthenticationFilter] shouldNotFilter path: /projects.html
2025-06-09T03:02:38.532Z DEBUG 7988 --- [           main] o.c.security.JwtAuthenticationFilter     : Processing request to: /projects.html
2025-06-09T03:02:38.532Z DEBUG 7988 --- [           main] o.c.security.JwtAuthenticationFilter     : No Bearer token found in request
2025-06-09T03:02:38.536Z DEBUG 7988 --- [           main] w.c.HttpSessionSecurityContextRepository : Created HttpSession as SecurityContext is non-default
2025-06-09T03:02:38.537Z DEBUG 7988 --- [           main] w.c.HttpSessionSecurityContextRepository : Stored SecurityContextImpl [Authentication=UsernamePasswordAuthenticationToken [Principal=org.springframework.security.core.userdetails.User [Username=user, Password=[PROTECTED], Enabled=true, AccountNonExpired=true, CredentialsNonExpired=true, AccountNonLocked=true, Granted Authorities=[ROLE_USER]], Credentials=[PROTECTED], Authenticated=true, Details=null, Granted Authorities=[ROLE_USER]]] to HttpSession [org.springframework.mock.web.MockHttpSession@3a770af8]
2025-06-09T03:02:38.537Z DEBUG 7988 --- [           main] o.s.security.web.FilterChainProxy        : Securing GET /project-detail.html
2025-06-09T03:02:38.537Z DEBUG 7988 --- [           main] w.c.HttpSessionSecurityContextRepository : Retrieved SecurityContextImpl [Authentication=UsernamePasswordAuthenticationToken [Principal=org.springframework.security.core.userdetails.User [Username=user, Password=[PROTECTED], Enabled=true, AccountNonExpired=true, CredentialsNonExpired=true, AccountNonLocked=true, Granted Authorities=[ROLE_USER]], Credentials=[PROTECTED], Authenticated=true, Details=null, Granted Authorities=[ROLE_USER]]]
2025-06-09T03:02:38.537Z DEBUG 7988 --- [           main] o.s.security.web.FilterChainProxy        : Secured GET /project-detail.html
[ApiKeyAuthenticationFilter] shouldNotFilter path: /project-detail.html
2025-06-09T03:02:38.538Z DEBUG 7988 --- [           main] o.c.security.JwtAuthenticationFilter     : Processing request to: /project-detail.html
2025-06-09T03:02:38.538Z DEBUG 7988 --- [           main] o.c.security.JwtAuthenticationFilter     : No Bearer token found in request
2025-06-09T03:02:38.542Z DEBUG 7988 --- [           main] w.c.HttpSessionSecurityContextRepository : Created HttpSession as SecurityContext is non-default
2025-06-09T03:02:38.542Z DEBUG 7988 --- [           main] w.c.HttpSessionSecurityContextRepository : Stored SecurityContextImpl [Authentication=UsernamePasswordAuthenticationToken [Principal=org.springframework.security.core.userdetails.User [Username=user, Password=[PROTECTED], Enabled=true, AccountNonExpired=true, CredentialsNonExpired=true, AccountNonLocked=true, Granted Authorities=[ROLE_USER]], Credentials=[PROTECTED], Authenticated=true, Details=null, Granted Authorities=[ROLE_USER]]] to HttpSession [org.springframework.mock.web.MockHttpSession@779e66e5]
2025-06-09T03:02:38.542Z DEBUG 7988 --- [           main] o.s.security.web.FilterChainProxy        : Securing GET /project-edit.html
2025-06-09T03:02:38.543Z DEBUG 7988 --- [           main] w.c.HttpSessionSecurityContextRepository : Retrieved SecurityContextImpl [Authentication=UsernamePasswordAuthenticationToken [Principal=org.springframework.security.core.userdetails.User [Username=user, Password=[PROTECTED], Enabled=true, AccountNonExpired=true, CredentialsNonExpired=true, AccountNonLocked=true, Granted Authorities=[ROLE_USER]], Credentials=[PROTECTED], Authenticated=true, Details=null, Granted Authorities=[ROLE_USER]]]
2025-06-09T03:02:38.543Z DEBUG 7988 --- [           main] o.s.security.web.FilterChainProxy        : Secured GET /project-edit.html
[ApiKeyAuthenticationFilter] shouldNotFilter path: /project-edit.html
2025-06-09T03:02:38.543Z DEBUG 7988 --- [           main] o.c.security.JwtAuthenticationFilter     : Processing request to: /project-edit.html
2025-06-09T03:02:38.543Z DEBUG 7988 --- [           main] o.c.security.JwtAuthenticationFilter     : No Bearer token found in request
2025-06-09T03:02:38.547Z DEBUG 7988 --- [           main] w.c.HttpSessionSecurityContextRepository : Created HttpSession as SecurityContext is non-default
2025-06-09T03:02:38.547Z DEBUG 7988 --- [           main] w.c.HttpSessionSecurityContextRepository : Stored SecurityContextImpl [Authentication=UsernamePasswordAuthenticationToken [Principal=org.springframework.security.core.userdetails.User [Username=user, Password=[PROTECTED], Enabled=true, AccountNonExpired=true, CredentialsNonExpired=true, AccountNonLocked=true, Granted Authorities=[ROLE_USER]], Credentials=[PROTECTED], Authenticated=true, Details=null, Granted Authorities=[ROLE_USER]]] to HttpSession [org.springframework.mock.web.MockHttpSession@4d462edc]
2025-06-09T03:02:38.548Z DEBUG 7988 --- [           main] o.s.security.web.FilterChainProxy        : Securing GET /settings.html
2025-06-09T03:02:38.548Z DEBUG 7988 --- [           main] w.c.HttpSessionSecurityContextRepository : Retrieved SecurityContextImpl [Authentication=UsernamePasswordAuthenticationToken [Principal=org.springframework.security.core.userdetails.User [Username=user, Password=[PROTECTED], Enabled=true, AccountNonExpired=true, CredentialsNonExpired=true, AccountNonLocked=true, Granted Authorities=[ROLE_USER]], Credentials=[PROTECTED], Authenticated=true, Details=null, Granted Authorities=[ROLE_USER]]]
2025-06-09T03:02:38.548Z DEBUG 7988 --- [           main] o.s.security.web.FilterChainProxy        : Secured GET /settings.html
[ApiKeyAuthenticationFilter] shouldNotFilter path: /settings.html
2025-06-09T03:02:38.548Z DEBUG 7988 --- [           main] o.c.security.JwtAuthenticationFilter     : Processing request to: /settings.html
2025-06-09T03:02:38.548Z DEBUG 7988 --- [           main] o.c.security.JwtAuthenticationFilter     : No Bearer token found in request
2025-06-09T03:02:38.552Z DEBUG 7988 --- [           main] w.c.HttpSessionSecurityContextRepository : Created HttpSession as SecurityContext is non-default
2025-06-09T03:02:38.553Z DEBUG 7988 --- [           main] w.c.HttpSessionSecurityContextRepository : Stored SecurityContextImpl [Authentication=UsernamePasswordAuthenticationToken [Principal=org.springframework.security.core.userdetails.User [Username=user, Password=[PROTECTED], Enabled=true, AccountNonExpired=true, CredentialsNonExpired=true, AccountNonLocked=true, Granted Authorities=[ROLE_USER]], Credentials=[PROTECTED], Authenticated=true, Details=null, Granted Authorities=[ROLE_USER]]] to HttpSession [org.springframework.mock.web.MockHttpSession@312ddc51]
2025-06-09T03:02:38.553Z DEBUG 7988 --- [           main] o.s.security.web.FilterChainProxy        : Securing GET /support.html
2025-06-09T03:02:38.554Z DEBUG 7988 --- [           main] w.c.HttpSessionSecurityContextRepository : Retrieved SecurityContextImpl [Authentication=UsernamePasswordAuthenticationToken [Principal=org.springframework.security.core.userdetails.User [Username=user, Password=[PROTECTED], Enabled=true, AccountNonExpired=true, CredentialsNonExpired=true, AccountNonLocked=true, Granted Authorities=[ROLE_USER]], Credentials=[PROTECTED], Authenticated=true, Details=null, Granted Authorities=[ROLE_USER]]]
2025-06-09T03:02:38.554Z DEBUG 7988 --- [           main] o.s.security.web.FilterChainProxy        : Secured GET /support.html
[ApiKeyAuthenticationFilter] shouldNotFilter path: /support.html
2025-06-09T03:02:38.554Z DEBUG 7988 --- [           main] o.c.security.JwtAuthenticationFilter     : Processing request to: /support.html
2025-06-09T03:02:38.554Z DEBUG 7988 --- [           main] o.c.security.JwtAuthenticationFilter     : No Bearer token found in request
]]></system-out>
  </testcase>
  <testcase name="whenUnauthenticated_thenStaticAssetsAreAccessible" classname="org.cursorheat.config.WebSecurityConfigTest" time="0.013">
    <system-out><![CDATA[2025-06-09T03:02:38.566Z DEBUG 7988 --- [           main] o.s.security.web.FilterChainProxy        : Securing GET /css/styles.css
2025-06-09T03:02:38.566Z DEBUG 7988 --- [           main] o.s.s.w.a.AnonymousAuthenticationFilter  : Set SecurityContextHolder to anonymous SecurityContext
2025-06-09T03:02:38.567Z DEBUG 7988 --- [           main] o.s.security.web.FilterChainProxy        : Secured GET /css/styles.css
[ApiKeyAuthenticationFilter] shouldNotFilter path: /css/styles.css
2025-06-09T03:02:38.567Z DEBUG 7988 --- [           main] o.c.security.JwtAuthenticationFilter     : Processing request to: /css/styles.css
2025-06-09T03:02:38.567Z DEBUG 7988 --- [           main] o.c.security.JwtAuthenticationFilter     : No Bearer token found in request
2025-06-09T03:02:38.570Z DEBUG 7988 --- [           main] o.s.security.web.FilterChainProxy        : Securing GET /js/cursor-heat.js
2025-06-09T03:02:38.570Z DEBUG 7988 --- [           main] o.s.s.w.a.AnonymousAuthenticationFilter  : Set SecurityContextHolder to anonymous SecurityContext
2025-06-09T03:02:38.570Z DEBUG 7988 --- [           main] o.s.security.web.FilterChainProxy        : Secured GET /js/cursor-heat.js
[ApiKeyAuthenticationFilter] shouldNotFilter path: /js/cursor-heat.js
2025-06-09T03:02:38.571Z DEBUG 7988 --- [           main] o.c.security.JwtAuthenticationFilter     : Processing request to: /js/cursor-heat.js
2025-06-09T03:02:38.571Z DEBUG 7988 --- [           main] o.c.security.JwtAuthenticationFilter     : No Bearer token found in request
]]></system-out>
  </testcase>
  <testcase name="whenUnauthenticated_thenMemberPagesRedirectToLogin" classname="org.cursorheat.config.WebSecurityConfigTest" time="0.024">
    <system-out><![CDATA[2025-06-09T03:02:38.581Z DEBUG 7988 --- [           main] o.s.security.web.FilterChainProxy        : Securing GET /dashboard.html
2025-06-09T03:02:38.581Z DEBUG 7988 --- [           main] o.s.s.w.a.AnonymousAuthenticationFilter  : Set SecurityContextHolder to anonymous SecurityContext
2025-06-09T03:02:38.581Z DEBUG 7988 --- [           main] o.s.s.w.s.HttpSessionRequestCache        : Saved request http://localhost/dashboard.html?continue to session
2025-06-09T03:02:38.582Z DEBUG 7988 --- [           main] o.s.s.web.DefaultRedirectStrategy        : Redirecting to http://localhost/login.html
2025-06-09T03:02:38.586Z DEBUG 7988 --- [           main] o.s.security.web.FilterChainProxy        : Securing GET /account.html
2025-06-09T03:02:38.586Z DEBUG 7988 --- [           main] o.s.s.w.a.AnonymousAuthenticationFilter  : Set SecurityContextHolder to anonymous SecurityContext
2025-06-09T03:02:38.586Z DEBUG 7988 --- [           main] o.s.s.w.s.HttpSessionRequestCache        : Saved request http://localhost/account.html?continue to session
2025-06-09T03:02:38.586Z DEBUG 7988 --- [           main] o.s.s.web.DefaultRedirectStrategy        : Redirecting to http://localhost/login.html
2025-06-09T03:02:38.587Z DEBUG 7988 --- [           main] o.s.security.web.FilterChainProxy        : Securing GET /billing.html
2025-06-09T03:02:38.587Z DEBUG 7988 --- [           main] o.s.s.w.a.AnonymousAuthenticationFilter  : Set SecurityContextHolder to anonymous SecurityContext
2025-06-09T03:02:38.588Z DEBUG 7988 --- [           main] o.s.s.w.s.HttpSessionRequestCache        : Saved request http://localhost/billing.html?continue to session
2025-06-09T03:02:38.588Z DEBUG 7988 --- [           main] o.s.s.web.DefaultRedirectStrategy        : Redirecting to http://localhost/login.html
2025-06-09T03:02:38.589Z DEBUG 7988 --- [           main] o.s.security.web.FilterChainProxy        : Securing GET /profile.html
2025-06-09T03:02:38.589Z DEBUG 7988 --- [           main] o.s.s.w.a.AnonymousAuthenticationFilter  : Set SecurityContextHolder to anonymous SecurityContext
2025-06-09T03:02:38.590Z DEBUG 7988 --- [           main] o.s.s.w.s.HttpSessionRequestCache        : Saved request http://localhost/profile.html?continue to session
2025-06-09T03:02:38.590Z DEBUG 7988 --- [           main] o.s.s.web.DefaultRedirectStrategy        : Redirecting to http://localhost/login.html
2025-06-09T03:02:38.591Z DEBUG 7988 --- [           main] o.s.security.web.FilterChainProxy        : Securing GET /projects.html
2025-06-09T03:02:38.591Z DEBUG 7988 --- [           main] o.s.s.w.a.AnonymousAuthenticationFilter  : Set SecurityContextHolder to anonymous SecurityContext
2025-06-09T03:02:38.591Z DEBUG 7988 --- [           main] o.s.s.w.s.HttpSessionRequestCache        : Saved request http://localhost/projects.html?continue to session
2025-06-09T03:02:38.591Z DEBUG 7988 --- [           main] o.s.s.web.DefaultRedirectStrategy        : Redirecting to http://localhost/login.html
2025-06-09T03:02:38.592Z DEBUG 7988 --- [           main] o.s.security.web.FilterChainProxy        : Securing GET /project-detail.html
2025-06-09T03:02:38.593Z DEBUG 7988 --- [           main] o.s.s.w.a.AnonymousAuthenticationFilter  : Set SecurityContextHolder to anonymous SecurityContext
2025-06-09T03:02:38.593Z DEBUG 7988 --- [           main] o.s.s.w.s.HttpSessionRequestCache        : Saved request http://localhost/project-detail.html?continue to session
2025-06-09T03:02:38.593Z DEBUG 7988 --- [           main] o.s.s.web.DefaultRedirectStrategy        : Redirecting to http://localhost/login.html
2025-06-09T03:02:38.594Z DEBUG 7988 --- [           main] o.s.security.web.FilterChainProxy        : Securing GET /project-edit.html
2025-06-09T03:02:38.594Z DEBUG 7988 --- [           main] o.s.s.w.a.AnonymousAuthenticationFilter  : Set SecurityContextHolder to anonymous SecurityContext
2025-06-09T03:02:38.595Z DEBUG 7988 --- [           main] o.s.s.w.s.HttpSessionRequestCache        : Saved request http://localhost/project-edit.html?continue to session
2025-06-09T03:02:38.595Z DEBUG 7988 --- [           main] o.s.s.web.DefaultRedirectStrategy        : Redirecting to http://localhost/login.html
2025-06-09T03:02:38.596Z DEBUG 7988 --- [           main] o.s.security.web.FilterChainProxy        : Securing GET /settings.html
2025-06-09T03:02:38.596Z DEBUG 7988 --- [           main] o.s.s.w.a.AnonymousAuthenticationFilter  : Set SecurityContextHolder to anonymous SecurityContext
2025-06-09T03:02:38.597Z DEBUG 7988 --- [           main] o.s.s.w.s.HttpSessionRequestCache        : Saved request http://localhost/settings.html?continue to session
2025-06-09T03:02:38.597Z DEBUG 7988 --- [           main] o.s.s.web.DefaultRedirectStrategy        : Redirecting to http://localhost/login.html
2025-06-09T03:02:38.598Z DEBUG 7988 --- [           main] o.s.security.web.FilterChainProxy        : Securing GET /support.html
2025-06-09T03:02:38.598Z DEBUG 7988 --- [           main] o.s.s.w.a.AnonymousAuthenticationFilter  : Set SecurityContextHolder to anonymous SecurityContext
2025-06-09T03:02:38.598Z DEBUG 7988 --- [           main] o.s.s.w.s.HttpSessionRequestCache        : Saved request http://localhost/support.html?continue to session
2025-06-09T03:02:38.598Z DEBUG 7988 --- [           main] o.s.s.web.DefaultRedirectStrategy        : Redirecting to http://localhost/login.html
]]></system-out>
  </testcase>
</testsuite>