<?xml version="1.0" encoding="UTF-8"?>
<testsuite xmlns:xsi="http://www.w3.org/2001/XMLSchema-instance" xsi:noNamespaceSchemaLocation="https://maven.apache.org/surefire/maven-surefire-plugin/xsd/surefire-test-report-3.0.xsd" version="3.0" name="org.cursorheat.security.SecurityIntegrationTest" time="7.043" tests="4" errors="0" skipped="0" failures="3">
  <properties>
[...]
</properties>
  <testcase name="protectedEndpoints_ShouldRequireAuthentication" classname="org.cursorheat.security.SecurityIntegrationTest" time="0.746">
    <failure message="Status expected:&lt;401&gt; but was:&lt;302&gt;" type="java.lang.AssertionError"><![CDATA[java.lang.AssertionError: Status expected:<401> but was:<302>
	at org.springframework.test.util.AssertionErrors.fail(AssertionErrors.java:59)
	at org.springframework.test.util.AssertionErrors.assertEquals(AssertionErrors.java:122)
	at org.springframework.test.web.servlet.result.StatusResultMatchers.lambda$matcher$9(StatusResultMatchers.java:637)
	at org.springframework.test.web.servlet.MockMvc$1.andExpect(MockMvc.java:214)
	at org.cursorheat.security.SecurityIntegrationTest.protectedEndpoints_ShouldRequireAuthentication(SecurityIntegrationTest.java:50)
	at java.base/java.lang.reflect.Method.invoke(Method.java:580)
	at java.base/java.util.ArrayList.forEach(ArrayList.java:1596)
	at java.base/java.util.ArrayList.forEach(ArrayList.java:1596)
]]></failure>
    <system-out><![CDATA[03:02:30.886 [main] INFO org.springframework.test.context.support.AnnotationConfigContextLoaderUtils -- Could not detect default configuration classes for test class [org.cursorheat.security.SecurityIntegrationTest]: SecurityIntegrationTest does not declare any static, non-private, non-final, nested classes annotated with @Configuration.
03:02:31.024 [main] INFO org.springframework.boot.test.context.SpringBootTestContextBootstrapper -- Found @SpringBootConfiguration org.cursorheat.CursorHeatApplication for test class org.cursorheat.security.SecurityIntegrationTest

  .   ____          _            __ _ _
 /\\ / ___'_ __ _ _(_)_ __  __ _ \ \ \ \
( ( )\___ | '_ | '_| | '_ \/ _` | \ \ \ \
 \\/  ___)| |_)| | | | | || (_| |  ) ) ) )
  '  |____| .__|_| |_|_| |_\__, | / / / /
 =========|_|==============|___/=/_/_/_/
 :: Spring Boot ::                (v3.2.3)

2025-06-09T03:02:31.539Z  INFO 7988 --- [           main] o.c.security.SecurityIntegrationTest     : Starting SecurityIntegrationTest using Java 21.0.7 with PID 7988 (started by jules in /app)
2025-06-09T03:02:31.541Z DEBUG 7988 --- [           main] o.c.security.SecurityIntegrationTest     : Running with Spring Boot v3.2.3, Spring v6.1.4
2025-06-09T03:02:31.542Z  INFO 7988 --- [           main] o.c.security.SecurityIntegrationTest     : No active profile set, falling back to 1 default profile: "default"
2025-06-09T03:02:32.327Z  INFO 7988 --- [           main] .s.d.r.c.RepositoryConfigurationDelegate : Bootstrapping Spring Data JPA repositories in DEFAULT mode.
2025-06-09T03:02:32.405Z  INFO 7988 --- [           main] .s.d.r.c.RepositoryConfigurationDelegate : Finished Spring Data repository scanning in 69 ms. Found 4 JPA repository interfaces.
2025-06-09T03:02:32.941Z  INFO 7988 --- [           main] com.zaxxer.hikari.HikariDataSource       : HikariPool-1 - Starting...
2025-06-09T03:02:33.197Z  INFO 7988 --- [           main] com.zaxxer.hikari.pool.HikariPool        : HikariPool-1 - Added connection conn0: url=jdbc:h2:mem:testdb user=SA
2025-06-09T03:02:33.200Z  INFO 7988 --- [           main] com.zaxxer.hikari.HikariDataSource       : HikariPool-1 - Start completed.
2025-06-09T03:02:33.375Z  INFO 7988 --- [           main] o.hibernate.jpa.internal.util.LogHelper  : HHH000204: Processing PersistenceUnitInfo [name: default]
2025-06-09T03:02:33.431Z  INFO 7988 --- [           main] org.hibernate.Version                    : HHH000412: Hibernate ORM core version 6.4.4.Final
2025-06-09T03:02:33.467Z  INFO 7988 --- [           main] o.h.c.internal.RegionFactoryInitiator    : HHH000026: Second-level cache disabled
2025-06-09T03:02:33.701Z  INFO 7988 --- [           main] o.s.o.j.p.SpringPersistenceUnitInfo      : No LoadTimeWeaver setup: ignoring JPA class transformer
2025-06-09T03:02:33.763Z  WARN 7988 --- [           main] org.hibernate.orm.deprecation            : HHH90000025: H2Dialect does not need to be specified explicitly using 'hibernate.dialect' (remove the property setting and it will be selected by default)
2025-06-09T03:02:34.954Z  INFO 7988 --- [           main] o.h.e.t.j.p.i.JtaPlatformInitiator       : HHH000489: No JTA platform available (set 'hibernate.transaction.jta.platform' to enable JTA platform integration)
2025-06-09T03:02:35.013Z  INFO 7988 --- [           main] j.LocalContainerEntityManagerFactoryBean : Initialized JPA EntityManagerFactory for persistence unit 'default'
2025-06-09T03:02:35.803Z  INFO 7988 --- [           main] o.s.b.a.w.s.WelcomePageHandlerMapping    : Adding welcome page: class path resource [static/index.html]
2025-06-09T03:02:36.089Z  INFO 7988 --- [           main] o.s.s.web.DefaultSecurityFilterChain     : Will secure Or [Mvc [pattern='/api/**']] with [org.springframework.security.web.session.DisableEncodeUrlFilter@509d999c, org.springframework.security.web.context.request.async.WebAsyncManagerIntegrationFilter@12544a50, org.springframework.security.web.context.SecurityContextHolderFilter@2df40273, org.springframework.security.web.header.HeaderWriterFilter@2552cb80, org.springframework.web.filter.CorsFilter@125df632, org.springframework.security.web.authentication.logout.LogoutFilter@5a88ecb9, org.cursorheat.security.JwtAuthenticationFilter@5b476930, org.springframework.security.web.savedrequest.RequestCacheAwareFilter@6f28a07e, org.springframework.security.web.servletapi.SecurityContextHolderAwareRequestFilter@44e19b99, org.springframework.security.web.authentication.AnonymousAuthenticationFilter@1b472cad, org.springframework.security.web.session.SessionManagementFilter@78e386a5, org.springframework.security.web.access.ExceptionTranslationFilter@6b9f5dcf, org.springframework.security.web.access.intercept.AuthorizationFilter@1fdbba0d]
2025-06-09T03:02:36.120Z  INFO 7988 --- [           main] o.s.s.web.DefaultSecurityFilterChain     : Will secure any request with [org.springframework.security.web.session.DisableEncodeUrlFilter@36e9fd4f, org.springframework.security.web.context.request.async.WebAsyncManagerIntegrationFilter@730611a0, org.springframework.security.web.context.SecurityContextHolderFilter@6ad036d6, org.springframework.security.web.header.HeaderWriterFilter@4d82ded2, org.springframework.web.filter.CorsFilter@8b727cb, org.springframework.security.web.authentication.logout.LogoutFilter@1046aaa4, org.springframework.security.web.authentication.UsernamePasswordAuthenticationFilter@135f760a, org.springframework.security.web.savedrequest.RequestCacheAwareFilter@6b72c62, org.springframework.security.web.servletapi.SecurityContextHolderAwareRequestFilter@5d180628, org.springframework.security.web.authentication.AnonymousAuthenticationFilter@6030eff1, org.springframework.security.web.session.SessionManagementFilter@655875bb, org.springframework.security.web.access.ExceptionTranslationFilter@cec1ce2, org.springframework.security.web.access.intercept.AuthorizationFilter@32192a69]
2025-06-09T03:02:36.436Z  WARN 7988 --- [           main] ion$DefaultTemplateResolverConfiguration : Cannot find template location: classpath:/templates/ (please add some templates, check your Thymeleaf configuration, or set spring.thymeleaf.check-template-location=false)
2025-06-09T03:02:36.581Z DEBUG 7988 --- [           main] o.c.security.ApiKeyAuthenticationFilter  : Filter 'apiKeyAuthenticationFilter' configured for use
2025-06-09T03:02:36.581Z DEBUG 7988 --- [           main] o.c.security.JwtAuthenticationFilter     : Filter 'jwtAuthenticationFilter' configured for use
2025-06-09T03:02:36.582Z  INFO 7988 --- [           main] o.s.b.t.m.w.SpringBootMockServletContext : Initializing Spring TestDispatcherServlet ''
2025-06-09T03:02:36.582Z  INFO 7988 --- [           main] o.s.t.web.servlet.TestDispatcherServlet  : Initializing Servlet ''
2025-06-09T03:02:36.584Z  INFO 7988 --- [           main] o.s.t.web.servlet.TestDispatcherServlet  : Completed initialization in 2 ms
2025-06-09T03:02:36.607Z  INFO 7988 --- [           main] o.c.security.SecurityIntegrationTest     : Started SecurityIntegrationTest in 5.424 seconds (process running for 7.176)
2025-06-09T03:02:37.338Z DEBUG 7988 --- [           main] o.s.security.web.FilterChainProxy        : Securing GET /dashboard
2025-06-09T03:02:37.345Z DEBUG 7988 --- [           main] o.s.s.w.a.AnonymousAuthenticationFilter  : Set SecurityContextHolder to anonymous SecurityContext
2025-06-09T03:02:37.350Z DEBUG 7988 --- [           main] o.s.s.w.s.HttpSessionRequestCache        : Saved request http://localhost/dashboard?continue to session
2025-06-09T03:02:37.351Z DEBUG 7988 --- [           main] o.s.s.web.DefaultRedirectStrategy        : Redirecting to http://localhost/login.html

MockHttpServletRequest:
      HTTP Method = GET
      Request URI = /dashboard
       Parameters = {}
          Headers = []
             Body = null
    Session Attrs = {SPRING_SECURITY_SAVED_REQUEST=DefaultSavedRequest [http://localhost/dashboard?continue]}

Handler:
             Type = null

Async:
    Async started = false
     Async result = null

Resolved Exception:
             Type = null

ModelAndView:
        View name = null
             View = null
            Model = null

FlashMap:
       Attributes = null

MockHttpServletResponse:
           Status = 302
    Error message = null
          Headers = [Vary:"Origin", "Access-Control-Request-Method", "Access-Control-Request-Headers", X-Content-Type-Options:"nosniff", X-XSS-Protection:"0", Cache-Control:"no-cache, no-store, max-age=0, must-revalidate", Pragma:"no-cache", Expires:"0", X-Frame-Options:"DENY", Location:"http://localhost/login.html"]
     Content type = null
             Body =
    Forwarded URL = null
   Redirected URL = http://localhost/login.html
          Cookies = []
]]></system-out>
    <system-err><![CDATA[WARNING: A Java agent has been loaded dynamically (/home/swebot/.m2/repository/net/bytebuddy/byte-buddy-agent/1.14.12/byte-buddy-agent-1.14.12.jar)
WARNING: If a serviceability tool is in use, please run with -XX:+EnableDynamicAgentLoading to hide this warning
WARNING: If a serviceability tool is not in use, please run with -Djdk.instrument.traceUsage for more information
WARNING: Dynamic loading of agents will be disallowed by default in a future release
]]></system-err>
  </testcase>
  <testcase name="publicEndpoints_ShouldBeAccessible" classname="org.cursorheat.security.SecurityIntegrationTest" time="0.028">
    <system-out><![CDATA[2025-06-09T03:02:37.383Z DEBUG 7988 --- [           main] o.s.security.web.FilterChainProxy        : Securing GET /
2025-06-09T03:02:37.383Z DEBUG 7988 --- [           main] o.s.s.w.a.AnonymousAuthenticationFilter  : Set SecurityContextHolder to anonymous SecurityContext
2025-06-09T03:02:37.384Z DEBUG 7988 --- [           main] o.s.security.web.FilterChainProxy        : Secured GET /
[ApiKeyAuthenticationFilter] shouldNotFilter path: /
2025-06-09T03:02:37.384Z DEBUG 7988 --- [           main] o.c.security.JwtAuthenticationFilter     : Processing request to: /
2025-06-09T03:02:37.384Z DEBUG 7988 --- [           main] o.c.security.JwtAuthenticationFilter     : No Bearer token found in request
]]></system-out>
  </testcase>
  <testcase name="projectEndpoints_ShouldRequireAuthentication" classname="org.cursorheat.security.SecurityIntegrationTest" time="0.171">
    <failure message="Status expected:&lt;401&gt; but was:&lt;302&gt;" type="java.lang.AssertionError"><![CDATA[java.lang.AssertionError: Status expected:<401> but was:<302>
	at org.springframework.test.util.AssertionErrors.fail(AssertionErrors.java:59)
	at org.springframework.test.util.AssertionErrors.assertEquals(AssertionErrors.java:122)
	at org.springframework.test.web.servlet.result.StatusResultMatchers.lambda$matcher$9(StatusResultMatchers.java:637)
	at org.springframework.test.web.servlet.MockMvc$1.andExpect(MockMvc.java:214)
	at org.cursorheat.security.SecurityIntegrationTest.projectEndpoints_ShouldRequireAuthentication(SecurityIntegrationTest.java:94)
	at java.base/java.lang.reflect.Method.invoke(Method.java:580)
	at java.base/java.util.ArrayList.forEach(ArrayList.java:1596)
	at java.base/java.util.ArrayList.forEach(ArrayList.java:1596)
]]></failure>
    <system-out><![CDATA[2025-06-09T03:02:37.572Z DEBUG 7988 --- [           main] o.s.security.web.FilterChainProxy        : Securing GET /project/1/edit
2025-06-09T03:02:37.572Z DEBUG 7988 --- [           main] o.s.s.w.a.AnonymousAuthenticationFilter  : Set SecurityContextHolder to anonymous SecurityContext
2025-06-09T03:02:37.573Z DEBUG 7988 --- [           main] o.s.s.w.s.HttpSessionRequestCache        : Saved request http://localhost/project/1/edit?continue to session
2025-06-09T03:02:37.573Z DEBUG 7988 --- [           main] o.s.s.web.DefaultRedirectStrategy        : Redirecting to http://localhost/login.html

MockHttpServletRequest:
      HTTP Method = GET
      Request URI = /project/1/edit
       Parameters = {}
          Headers = []
             Body = null
    Session Attrs = {SPRING_SECURITY_SAVED_REQUEST=DefaultSavedRequest [http://localhost/project/1/edit?continue]}

Handler:
             Type = null

Async:
    Async started = false
     Async result = null

Resolved Exception:
             Type = null

ModelAndView:
        View name = null
             View = null
            Model = null

FlashMap:
       Attributes = null

MockHttpServletResponse:
           Status = 302
    Error message = null
          Headers = [Vary:"Origin", "Access-Control-Request-Method", "Access-Control-Request-Headers", X-Content-Type-Options:"nosniff", X-XSS-Protection:"0", Cache-Control:"no-cache, no-store, max-age=0, must-revalidate", Pragma:"no-cache", Expires:"0", X-Frame-Options:"DENY", Location:"http://localhost/login.html"]
     Content type = null
             Body =
    Forwarded URL = null
   Redirected URL = http://localhost/login.html
          Cookies = []
]]></system-out>
  </testcase>
  <testcase name="adminEndpoints_ShouldRequireAdminRole" classname="org.cursorheat.security.SecurityIntegrationTest" time="0.234">
    <failure message="Status expected:&lt;401&gt; but was:&lt;302&gt;" type="java.lang.AssertionError"><![CDATA[java.lang.AssertionError: Status expected:<401> but was:<302>
	at org.springframework.test.util.AssertionErrors.fail(AssertionErrors.java:59)
	at org.springframework.test.util.AssertionErrors.assertEquals(AssertionErrors.java:122)
	at org.springframework.test.web.servlet.result.StatusResultMatchers.lambda$matcher$9(StatusResultMatchers.java:637)
	at org.springframework.test.web.servlet.MockMvc$1.andExpect(MockMvc.java:214)
	at org.cursorheat.security.SecurityIntegrationTest.adminEndpoints_ShouldRequireAdminRole(SecurityIntegrationTest.java:78)
	at java.base/java.lang.reflect.Method.invoke(Method.java:580)
	at java.base/java.util.ArrayList.forEach(ArrayList.java:1596)
	at java.base/java.util.ArrayList.forEach(ArrayList.java:1596)
]]></failure>
    <system-out><![CDATA[2025-06-09T03:02:37.806Z DEBUG 7988 --- [           main] o.s.security.web.FilterChainProxy        : Securing GET /admin/dashboard
2025-06-09T03:02:37.807Z DEBUG 7988 --- [           main] o.s.s.w.a.AnonymousAuthenticationFilter  : Set SecurityContextHolder to anonymous SecurityContext
2025-06-09T03:02:37.808Z DEBUG 7988 --- [           main] o.s.s.w.s.HttpSessionRequestCache        : Saved request http://localhost/admin/dashboard?continue to session
2025-06-09T03:02:37.808Z DEBUG 7988 --- [           main] o.s.s.web.DefaultRedirectStrategy        : Redirecting to http://localhost/login.html

MockHttpServletRequest:
      HTTP Method = GET
      Request URI = /admin/dashboard
       Parameters = {}
          Headers = []
             Body = null
    Session Attrs = {SPRING_SECURITY_SAVED_REQUEST=DefaultSavedRequest [http://localhost/admin/dashboard?continue]}

Handler:
             Type = null

Async:
    Async started = false
     Async result = null

Resolved Exception:
             Type = null

ModelAndView:
        View name = null
             View = null
            Model = null

FlashMap:
       Attributes = null

MockHttpServletResponse:
           Status = 302
    Error message = null
          Headers = [Vary:"Origin", "Access-Control-Request-Method", "Access-Control-Request-Headers", X-Content-Type-Options:"nosniff", X-XSS-Protection:"0", Cache-Control:"no-cache, no-store, max-age=0, must-revalidate", Pragma:"no-cache", Expires:"0", X-Frame-Options:"DENY", Location:"http://localhost/login.html"]
     Content type = null
             Body =
    Forwarded URL = null
   Redirected URL = http://localhost/login.html
          Cookies = []
]]></system-out>
  </testcase>
</testsuite>